<?xml version="1.0" encoding="UTF-8"?>
<!-- Generated by org.testng.reporters.JUnitReportReporter -->
<testsuite hostname="LAPTOP-T5I20ICV" failures="0" tests="3" name="Org_Automation_Test_NG.Testcase44444" time="23.778" errors="0" timestamp="2022-09-15T10:29:43 IST" skipped="2">
  <testcase classname="Org_Automation_Test_NG.Testcase44444" name="deleteCustomer" time="6.676">
    <skipped/>
  </testcase> <!-- deleteCustomer -->
  <system-out/>
  <testcase classname="Org_Automation_Test_NG.Testcase44444" name="deleteCustomer" time="7.141">
    <skipped/>
  </testcase> <!-- deleteCustomer -->
  <system-out/>
  <testcase classname="Org_Automation_Test_NG.Testcase44444" name="deleteCustomer" time="9.961"/>
  <system-out/>
</testsuite> <!-- Org_Automation_Test_NG.Testcase44444 -->
