<?xml version="1.0" encoding="UTF-8"?>
<!-- Generated by org.testng.reporters.JUnitReportReporter -->
<testsuite hostname="LAPTOP-T5I20ICV" failures="0" tests="1" name="Org_Automation_Test_NG.TestCase11111" time="7.968" errors="0" timestamp="2022-09-15T10:29:43 IST" skipped="0">
  <testcase classname="Org_Automation_Test_NG.TestCase11111" name="accountOpening" time="7.968"/>
  <system-out/>
</testsuite> <!-- Org_Automation_Test_NG.TestCase11111 -->
