<?xml version="1.0" encoding="UTF-8"?>
<!-- Generated by org.testng.reporters.JUnitReportReporter -->
<testsuite hostname="LAPTOP-T5I20ICV" failures="0" tests="1" name="Org_Automation_Test_NG.Testcase33333" time="8.730" errors="0" timestamp="2022-09-15T10:29:43 IST" skipped="0">
  <testcase classname="Org_Automation_Test_NG.Testcase33333" name="creditCustomer" time="8.730"/>
  <system-out/>
</testsuite> <!-- Org_Automation_Test_NG.Testcase33333 -->
