<?xml version="1.0" encoding="UTF-8"?>
<!-- Generated by org.testng.reporters.JUnitReportReporter -->
<testsuite hostname="LAPTOP-T5I20ICV" failures="0" tests="5" name="Org_Automation_Test_NG.DeleteCustomerFastTest" time="44.098" errors="0" timestamp="2022-09-16T18:15:23 IST" skipped="0">
  <testcase classname="Org_Automation_Test_NG.DeleteCustomerFastTest" name="deleteCustomer" time="8.066"/>
  <system-out/>
  <testcase classname="Org_Automation_Test_NG.DeleteCustomerFastTest" name="deleteCustomer" time="7.727"/>
  <system-out/>
  <testcase classname="Org_Automation_Test_NG.DeleteCustomerFastTest" name="deleteCustomer" time="8.986"/>
  <system-out/>
  <testcase classname="Org_Automation_Test_NG.DeleteCustomerFastTest" name="deleteCustomer" time="10.662"/>
  <system-out/>
  <testcase classname="Org_Automation_Test_NG.DeleteCustomerFastTest" name="deleteCustomer" time="8.657"/>
  <system-out/>
</testsuite> <!-- Org_Automation_Test_NG.DeleteCustomerFastTest -->
