<?xml version="1.0" encoding="UTF-8"?>
<!-- Generated by org.testng.reporters.JUnitReportReporter -->
<testsuite hostname="LAPTOP-T5I20ICV" failures="0" tests="1" name="Org_Automation_Test_NG.MavenPratctice1Test" time="12.083" errors="0" timestamp="2022-09-20T13:01:27 IST" skipped="0">
  <testcase classname="Org_Automation_Test_NG.MavenPratctice1Test" name="sample" time="12.083"/>
  <system-out/>
</testsuite> <!-- Org_Automation_Test_NG.MavenPratctice1Test -->
