<?xml version="1.0" encoding="UTF-8"?>
<!-- Generated by org.testng.reporters.JUnitReportReporter -->
<testsuite hostname="LAPTOP-T5I20ICV" failures="0" tests="1" name="Org.GenericUtility.Base_Class" time="0.008" errors="0" timestamp="12 Sep 2022 04:42:41 GMT">
  <testcase classname="Org.GenericUtility.Base_Class" name="Testcase6" time="0.008"/>
</testsuite> <!-- Org.GenericUtility.Base_Class -->
